test_files/compact.c:13:call(main)
test_files/compact.c:13:decl(int,argc)
test_files/compact.c:13:assign(int,argc,1)
test_files/compact.c:13:decl(char**,argv)
test_files/compact.c:13:assign(char**,argv,bfd057a4)
test_files/compact.c:14:decl(char*,buffer1)
test_files/compact.c:14:assign(char*,buffer1,)
test_files/compact.c:15:decl(char*,buffer2)
test_files/compact.c:15:assign(char*,buffer2,)
test_files/compact.c:16:decl(int,len)
test_files/compact.c:16:assign(int,len,0)
test_files/compact.c:29:call(getline)
test_files/compact.c:29:decl(char*,line)
test_files/compact.c:29:assign(char*,line,)
test_files/compact.c:29:decl(int,nmax)
test_files/compact.c:29:assign(int,nmax,65536)
test_files/compact.c:35:decl(int,len)
test_files/compact.c:35:assign(int,len,-1076996392)
test_files/compact.c:36:decl(char,c)
test_files/compact.c:36:assign(char,c,)
test_files/compact.c:38:assign(int,len,0)
test_files/compact.c:40:scope_in
test_files/compact.c:40:assign(char,c,a)
test_files/compact.c:42:assign(int,len,1)
test_files/compact.c:40:assign(char,c,s)
test_files/compact.c:42:assign(int,len,2)
test_files/compact.c:40:assign(char,c,k)
test_files/compact.c:42:assign(int,len,3)
test_files/compact.c:40:assign(char,c,j)
test_files/compact.c:42:assign(int,len,4)
test_files/compact.c:40:assign(char,c,d)
test_files/compact.c:42:assign(int,len,5)
test_files/compact.c:40:assign(char,c,h)
test_files/compact.c:42:assign(int,len,6)
test_files/compact.c:40:assign(char,c,f)
test_files/compact.c:42:assign(int,len,7)
test_files/compact.c:40:assign(char,c,a)
test_files/compact.c:42:assign(int,len,8)
test_files/compact.c:40:assign(char,c,s)
test_files/compact.c:42:assign(int,len,9)
test_files/compact.c:40:assign(char,c,l)
test_files/compact.c:42:assign(int,len,10)
test_files/compact.c:40:assign(char,c,k)
test_files/compact.c:42:assign(int,len,11)
test_files/compact.c:40:assign(char,c,j)
test_files/compact.c:42:assign(int,len,12)
test_files/compact.c:40:assign(char,c, )
test_files/compact.c:42:assign(int,len,13)
test_files/compact.c:40:assign(char,c, )
test_files/compact.c:42:assign(int,len,14)
test_files/compact.c:40:assign(char,c, )
test_files/compact.c:42:assign(int,len,15)
test_files/compact.c:40:assign(char,c, )
test_files/compact.c:42:assign(int,len,16)
test_files/compact.c:40:assign(char,c, )
test_files/compact.c:42:assign(int,len,17)
test_files/compact.c:40:assign(char,c,s)
test_files/compact.c:42:assign(int,len,18)
test_files/compact.c:40:assign(char,c,a)
test_files/compact.c:42:assign(int,len,19)
test_files/compact.c:40:assign(char,c,d)
test_files/compact.c:42:assign(int,len,20)
test_files/compact.c:40:assign(char,c, )
test_files/compact.c:42:assign(int,len,21)
test_files/compact.c:40:assign(char,c,f)
test_files/compact.c:42:assign(int,len,22)
test_files/compact.c:40:assign(char,c,l)
test_files/compact.c:42:assign(int,len,23)
test_files/compact.c:40:assign(char,c, )
test_files/compact.c:42:assign(int,len,24)
test_files/compact.c:40:assign(char,c, )
test_files/compact.c:42:assign(int,len,25)
test_files/compact.c:40:assign(char,c, )
test_files/compact.c:42:assign(int,len,26)
test_files/compact.c:40:assign(char,c,a)
test_files/compact.c:42:assign(int,len,27)
test_files/compact.c:40:assign(char,c,s)
test_files/compact.c:42:assign(int,len,28)
test_files/compact.c:40:assign(char,c,d)
test_files/compact.c:42:assign(int,len,29)
test_files/compact.c:40:assign(char,c,f)
test_files/compact.c:42:assign(int,len,30)
test_files/compact.c:40:assign(char,c,)
test_files/compact.c:40:scope_out
test_files/compact.c:45:return(getline,int,ret,30)
test_files/compact.c:18:assign(int,len,30)
test_files/compact.c:48:call(compact1)
test_files/compact.c:48:decl(char*,line)
test_files/compact.c:48:assign(char*,line,askjdhfaslkj     sad fl   asdf)
test_files/compact.c:53:decl(int,cursor)
test_files/compact.c:53:assign(int,cursor,0)
test_files/compact.c:54:decl(int,prevspace)
test_files/compact.c:54:assign(int,prevspace,0)
test_files/compact.c:55:decl(int,lcv)
test_files/compact.c:55:assign(int,lcv,0)
test_files/compact.c:60:scope_in
test_files/compact.c:61:scope_in
test_files/compact.c:64:scope_in
test_files/compact.c:64:assign(int,lcv,13)
test_files/compact.c:64:assign(int,lcv,14)
test_files/compact.c:64:assign(int,lcv,15)
test_files/compact.c:64:assign(int,lcv,16)
test_files/compact.c:64:assign(int,lcv,17)
test_files/compact.c:64:assign(int,lcv,18)
test_files/compact.c:64:assign(int,lcv,19)
test_files/compact.c:64:assign(int,lcv,20)
test_files/compact.c:64:assign(int,lcv,21)
test_files/compact.c:64:assign(int,lcv,22)
test_files/compact.c:64:assign(int,lcv,23)
test_files/compact.c:64:assign(int,lcv,24)
test_files/compact.c:64:assign(int,lcv,25)
test_files/compact.c:64:assign(int,lcv,26)
test_files/compact.c:64:assign(int,lcv,27)
test_files/compact.c:64:assign(int,lcv,28)
test_files/compact.c:64:assign(int,lcv,29)
test_files/compact.c:64:assign(int,lcv,30)
test_files/compact.c:64:scope_out
test_files/compact.c:61:scope_out
test_files/compact.c:61:scope_in
test_files/compact.c:64:scope_in
test_files/compact.c:64:assign(int,lcv,13)
test_files/compact.c:64:assign(int,lcv,14)
test_files/compact.c:64:assign(int,lcv,15)
test_files/compact.c:64:assign(int,lcv,16)
test_files/compact.c:64:assign(int,lcv,17)
test_files/compact.c:64:assign(int,lcv,18)
test_files/compact.c:64:assign(int,lcv,19)
test_files/compact.c:64:assign(int,lcv,20)
test_files/compact.c:64:assign(int,lcv,21)
test_files/compact.c:64:assign(int,lcv,22)
test_files/compact.c:64:assign(int,lcv,23)
test_files/compact.c:64:assign(int,lcv,24)
test_files/compact.c:64:assign(int,lcv,25)
test_files/compact.c:64:assign(int,lcv,26)
test_files/compact.c:64:assign(int,lcv,27)
test_files/compact.c:64:assign(int,lcv,28)
test_files/compact.c:64:assign(int,lcv,29)
test_files/compact.c:64:scope_out
test_files/compact.c:61:scope_out
test_files/compact.c:61:scope_in
test_files/compact.c:64:scope_in
test_files/compact.c:64:assign(int,lcv,13)
test_files/compact.c:64:assign(int,lcv,14)
test_files/compact.c:64:assign(int,lcv,15)
test_files/compact.c:64:assign(int,lcv,16)
test_files/compact.c:64:assign(int,lcv,17)
test_files/compact.c:64:assign(int,lcv,18)
test_files/compact.c:64:assign(int,lcv,19)
test_files/compact.c:64:assign(int,lcv,20)
test_files/compact.c:64:assign(int,lcv,21)
test_files/compact.c:64:assign(int,lcv,22)
test_files/compact.c:64:assign(int,lcv,23)
test_files/compact.c:64:assign(int,lcv,24)
test_files/compact.c:64:assign(int,lcv,25)
test_files/compact.c:64:assign(int,lcv,26)
test_files/compact.c:64:assign(int,lcv,27)
test_files/compact.c:64:assign(int,lcv,28)
test_files/compact.c:64:scope_out
test_files/compact.c:61:scope_out
test_files/compact.c:61:scope_in
test_files/compact.c:64:scope_in
test_files/compact.c:64:assign(int,lcv,13)
test_files/compact.c:64:assign(int,lcv,14)
test_files/compact.c:64:assign(int,lcv,15)
test_files/compact.c:64:assign(int,lcv,16)
test_files/compact.c:64:assign(int,lcv,17)
test_files/compact.c:64:assign(int,lcv,18)
test_files/compact.c:64:assign(int,lcv,19)
test_files/compact.c:64:assign(int,lcv,20)
test_files/compact.c:64:assign(int,lcv,21)
test_files/compact.c:64:assign(int,lcv,22)
test_files/compact.c:64:assign(int,lcv,23)
test_files/compact.c:64:assign(int,lcv,24)
test_files/compact.c:64:assign(int,lcv,25)
test_files/compact.c:64:assign(int,lcv,26)
test_files/compact.c:64:assign(int,lcv,27)
test_files/compact.c:64:scope_out
test_files/compact.c:61:scope_out
test_files/compact.c:61:scope_in
test_files/compact.c:64:scope_in
test_files/compact.c:64:assign(int,lcv,20)
test_files/compact.c:64:assign(int,lcv,21)
test_files/compact.c:64:assign(int,lcv,22)
test_files/compact.c:64:assign(int,lcv,23)
test_files/compact.c:64:assign(int,lcv,24)
test_files/compact.c:64:assign(int,lcv,25)
test_files/compact.c:64:assign(int,lcv,26)
test_files/compact.c:64:scope_out
test_files/compact.c:61:scope_out
test_files/compact.c:61:scope_in
test_files/compact.c:64:scope_in
test_files/compact.c:64:assign(int,lcv,20)
test_files/compact.c:64:assign(int,lcv,21)
test_files/compact.c:64:assign(int,lcv,22)
test_files/compact.c:64:assign(int,lcv,23)
test_files/compact.c:64:assign(int,lcv,24)
test_files/compact.c:64:assign(int,lcv,25)
test_files/compact.c:64:scope_out
test_files/compact.c:61:scope_out
test_files/compact.c:60:scope_out
test_files/compact.c:69:return(compact1,int,ret,24)
test_files/compact.c:23:assign(int,len,24)
test_files/compact.c:72:call(compact2)
test_files/compact.c:72:decl(char*,line)
test_files/compact.c:72:assign(char*,line,askjdhfaslkj     sad fl   asdf)
test_files/compact.c:77:decl(int,cursor)
test_files/compact.c:77:assign(int,cursor,0)
test_files/compact.c:78:decl(int,prevspace)
test_files/compact.c:78:assign(int,prevspace,0)
test_files/compact.c:79:decl(int,lcv)
test_files/compact.c:79:assign(int,lcv,0)
test_files/compact.c:81:scope_in
test_files/compact.c:82:scope_in
test_files/compact.c:84:assign(int,prevspace,0)
test_files/compact.c:82:scope_out
test_files/compact.c:82:scope_in
test_files/compact.c:84:assign(int,prevspace,0)
test_files/compact.c:82:scope_out
test_files/compact.c:82:scope_in
test_files/compact.c:84:assign(int,prevspace,0)
test_files/compact.c:82:scope_out
test_files/compact.c:82:scope_in
test_files/compact.c:84:assign(int,prevspace,0)
test_files/compact.c:82:scope_out
test_files/compact.c:82:scope_in
test_files/compact.c:84:assign(int,prevspace,0)
test_files/compact.c:82:scope_out
test_files/compact.c:82:scope_in
test_files/compact.c:84:assign(int,prevspace,0)
test_files/compact.c:82:scope_out
test_files/compact.c:82:scope_in
test_files/compact.c:84:assign(int,prevspace,0)
test_files/compact.c:82:scope_out
test_files/compact.c:82:scope_in
test_files/compact.c:84:assign(int,prevspace,0)
test_files/compact.c:82:scope_out
test_files/compact.c:82:scope_in
test_files/compact.c:84:assign(int,prevspace,0)
test_files/compact.c:82:scope_out
test_files/compact.c:82:scope_in
test_files/compact.c:84:assign(int,prevspace,0)
test_files/compact.c:82:scope_out
test_files/compact.c:82:scope_in
test_files/compact.c:84:assign(int,prevspace,0)
test_files/compact.c:82:scope_out
test_files/compact.c:82:scope_in
test_files/compact.c:84:assign(int,prevspace,0)
test_files/compact.c:82:scope_out
test_files/compact.c:82:scope_in
test_files/compact.c:84:assign(int,prevspace,1)
test_files/compact.c:82:scope_out
test_files/compact.c:82:scope_in
test_files/compact.c:84:assign(int,prevspace,0)
test_files/compact.c:82:scope_out
test_files/compact.c:82:scope_in
test_files/compact.c:84:assign(int,prevspace,0)
test_files/compact.c:82:scope_out
test_files/compact.c:82:scope_in
test_files/compact.c:84:assign(int,prevspace,0)
test_files/compact.c:82:scope_out
test_files/compact.c:82:scope_in
test_files/compact.c:84:assign(int,prevspace,1)
test_files/compact.c:82:scope_out
test_files/compact.c:82:scope_in
test_files/compact.c:84:assign(int,prevspace,0)
test_files/compact.c:82:scope_out
test_files/compact.c:82:scope_in
test_files/compact.c:84:assign(int,prevspace,0)
test_files/compact.c:82:scope_out
test_files/compact.c:82:scope_in
test_files/compact.c:84:assign(int,prevspace,1)
test_files/compact.c:82:scope_out
test_files/compact.c:82:scope_in
test_files/compact.c:84:assign(int,prevspace,0)
test_files/compact.c:82:scope_out
test_files/compact.c:82:scope_in
test_files/compact.c:84:assign(int,prevspace,0)
test_files/compact.c:82:scope_out
test_files/compact.c:82:scope_in
test_files/compact.c:84:assign(int,prevspace,0)
test_files/compact.c:82:scope_out
test_files/compact.c:82:scope_in
test_files/compact.c:84:assign(int,prevspace,0)
test_files/compact.c:82:scope_out
test_files/compact.c:82:scope_in
test_files/compact.c:84:assign(int,prevspace,0)
test_files/compact.c:82:scope_out
test_files/compact.c:81:scope_out
test_files/compact.c:87:return(compact2,int,ret,24)
test_files/compact.c:25:assign(int,len,24)
test_files/compact.c:27:return(main,int,ret,0)
