test_files/merge.c:12:call(main)
test_files/merge.c:12:decl(int,argc)
test_files/merge.c:12:assign(int,argc,1)
test_files/merge.c:12:decl(char**,argv)
test_files/merge.c:12:assign(char**,argv,0xbfe3d0c4)
test_files/merge.c:13:decl(int*,x)
test_files/merge.c:13:assign(int*,x,0xbfe3c9e0)
test_files/merge.c:14:decl(int*,y)
test_files/merge.c:14:assign(int*,y,0xbfe3cb70)
test_files/merge.c:15:decl(int*,z)
test_files/merge.c:15:assign(int*,z,0xbfe3cd00)
test_files/merge.c:16:decl(int,nz)
test_files/merge.c:16:assign(int,nz,0)
test_files/merge.c:36:call(merge)
test_files/merge.c:36:decl(int*,c)
test_files/merge.c:36:assign(int*,c,0xbfe3cd00)
test_files/merge.c:36:decl(int*,nc)
test_files/merge.c:36:assign(int*,nc,0xbfe3c9dc)
test_files/merge.c:36:decl(int*,a)
test_files/merge.c:36:assign(int*,a,0xbfe3c9e0)
test_files/merge.c:36:decl(int,na)
test_files/merge.c:36:assign(int,na,20)
test_files/merge.c:36:decl(int*,b)
test_files/merge.c:36:assign(int*,b,0xbfe3cb70)
test_files/merge.c:36:decl(int,nb)
test_files/merge.c:36:assign(int,nb,20)
test_files/merge.c:41:decl(int,cursora)
test_files/merge.c:41:assign(int,cursora,0)
test_files/merge.c:41:decl(int,cursorb)
test_files/merge.c:41:assign(int,cursorb,0)
test_files/merge.c:41:decl(int,cursorc)
test_files/merge.c:41:assign(int,cursorc,0)
test_files/merge.c:43:scope_in
test_files/merge.c:44:scope_in
test_files/merge.c:46:assign(int,cursorc,1)
test_files/merge.c:47:assign(int,cursora,1)
test_files/merge.c:44:scope_out
test_files/merge.c:44:scope_in
test_files/merge.c:51:assign(int,cursorc,2)
test_files/merge.c:52:assign(int,cursorb,1)
test_files/merge.c:44:scope_out
test_files/merge.c:44:scope_in
test_files/merge.c:46:assign(int,cursorc,3)
test_files/merge.c:47:assign(int,cursora,2)
test_files/merge.c:44:scope_out
test_files/merge.c:44:scope_in
test_files/merge.c:51:assign(int,cursorc,4)
test_files/merge.c:52:assign(int,cursorb,2)
test_files/merge.c:44:scope_out
test_files/merge.c:44:scope_in
test_files/merge.c:51:assign(int,cursorc,5)
test_files/merge.c:52:assign(int,cursorb,3)
test_files/merge.c:44:scope_out
test_files/merge.c:44:scope_in
test_files/merge.c:46:assign(int,cursorc,6)
test_files/merge.c:47:assign(int,cursora,3)
test_files/merge.c:44:scope_out
test_files/merge.c:44:scope_in
test_files/merge.c:46:assign(int,cursorc,7)
test_files/merge.c:47:assign(int,cursora,4)
test_files/merge.c:44:scope_out
test_files/merge.c:44:scope_in
test_files/merge.c:51:assign(int,cursorc,8)
test_files/merge.c:52:assign(int,cursorb,4)
test_files/merge.c:44:scope_out
test_files/merge.c:44:scope_in
test_files/merge.c:51:assign(int,cursorc,9)
test_files/merge.c:52:assign(int,cursorb,5)
test_files/merge.c:44:scope_out
test_files/merge.c:44:scope_in
test_files/merge.c:46:assign(int,cursorc,10)
test_files/merge.c:47:assign(int,cursora,5)
test_files/merge.c:44:scope_out
test_files/merge.c:44:scope_in
test_files/merge.c:46:assign(int,cursorc,11)
test_files/merge.c:47:assign(int,cursora,6)
test_files/merge.c:44:scope_out
test_files/merge.c:44:scope_in
test_files/merge.c:51:assign(int,cursorc,12)
test_files/merge.c:52:assign(int,cursorb,6)
test_files/merge.c:44:scope_out
test_files/merge.c:44:scope_in
test_files/merge.c:46:assign(int,cursorc,13)
test_files/merge.c:47:assign(int,cursora,7)
test_files/merge.c:44:scope_out
test_files/merge.c:44:scope_in
test_files/merge.c:51:assign(int,cursorc,14)
test_files/merge.c:52:assign(int,cursorb,7)
test_files/merge.c:44:scope_out
test_files/merge.c:44:scope_in
test_files/merge.c:46:assign(int,cursorc,15)
test_files/merge.c:47:assign(int,cursora,8)
test_files/merge.c:44:scope_out
test_files/merge.c:44:scope_in
test_files/merge.c:51:assign(int,cursorc,16)
test_files/merge.c:52:assign(int,cursorb,8)
test_files/merge.c:44:scope_out
test_files/merge.c:44:scope_in
test_files/merge.c:46:assign(int,cursorc,17)
test_files/merge.c:47:assign(int,cursora,9)
test_files/merge.c:44:scope_out
test_files/merge.c:44:scope_in
test_files/merge.c:51:assign(int,cursorc,18)
test_files/merge.c:52:assign(int,cursorb,9)
test_files/merge.c:44:scope_out
test_files/merge.c:44:scope_in
test_files/merge.c:46:assign(int,cursorc,19)
test_files/merge.c:47:assign(int,cursora,10)
test_files/merge.c:44:scope_out
test_files/merge.c:44:scope_in
test_files/merge.c:46:assign(int,cursorc,20)
test_files/merge.c:47:assign(int,cursora,11)
test_files/merge.c:44:scope_out
test_files/merge.c:44:scope_in
test_files/merge.c:46:assign(int,cursorc,21)
test_files/merge.c:47:assign(int,cursora,12)
test_files/merge.c:44:scope_out
test_files/merge.c:44:scope_in
test_files/merge.c:51:assign(int,cursorc,22)
test_files/merge.c:52:assign(int,cursorb,10)
test_files/merge.c:44:scope_out
test_files/merge.c:44:scope_in
test_files/merge.c:46:assign(int,cursorc,23)
test_files/merge.c:47:assign(int,cursora,13)
test_files/merge.c:44:scope_out
test_files/merge.c:44:scope_in
test_files/merge.c:51:assign(int,cursorc,24)
test_files/merge.c:52:assign(int,cursorb,11)
test_files/merge.c:44:scope_out
test_files/merge.c:44:scope_in
test_files/merge.c:51:assign(int,cursorc,25)
test_files/merge.c:52:assign(int,cursorb,12)
test_files/merge.c:44:scope_out
test_files/merge.c:44:scope_in
test_files/merge.c:46:assign(int,cursorc,26)
test_files/merge.c:47:assign(int,cursora,14)
test_files/merge.c:44:scope_out
test_files/merge.c:44:scope_in
test_files/merge.c:46:assign(int,cursorc,27)
test_files/merge.c:47:assign(int,cursora,15)
test_files/merge.c:44:scope_out
test_files/merge.c:44:scope_in
test_files/merge.c:51:assign(int,cursorc,28)
test_files/merge.c:52:assign(int,cursorb,13)
test_files/merge.c:44:scope_out
test_files/merge.c:44:scope_in
test_files/merge.c:51:assign(int,cursorc,29)
test_files/merge.c:52:assign(int,cursorb,14)
test_files/merge.c:44:scope_out
test_files/merge.c:44:scope_in
test_files/merge.c:46:assign(int,cursorc,30)
test_files/merge.c:47:assign(int,cursora,16)
test_files/merge.c:44:scope_out
test_files/merge.c:44:scope_in
test_files/merge.c:46:assign(int,cursorc,31)
test_files/merge.c:47:assign(int,cursora,17)
test_files/merge.c:44:scope_out
test_files/merge.c:44:scope_in
test_files/merge.c:51:assign(int,cursorc,32)
test_files/merge.c:52:assign(int,cursorb,15)
test_files/merge.c:44:scope_out
test_files/merge.c:44:scope_in
test_files/merge.c:46:assign(int,cursorc,33)
test_files/merge.c:47:assign(int,cursora,18)
test_files/merge.c:44:scope_out
test_files/merge.c:44:scope_in
test_files/merge.c:51:assign(int,cursorc,34)
test_files/merge.c:52:assign(int,cursorb,16)
test_files/merge.c:44:scope_out
test_files/merge.c:44:scope_in
test_files/merge.c:46:assign(int,cursorc,35)
test_files/merge.c:47:assign(int,cursora,19)
test_files/merge.c:44:scope_out
test_files/merge.c:44:scope_in
test_files/merge.c:46:assign(int,cursorc,36)
test_files/merge.c:47:assign(int,cursora,20)
test_files/merge.c:44:scope_out
test_files/merge.c:43:scope_out
test_files/merge.c:55:scope_in
test_files/merge.c:55:scope_out
test_files/merge.c:61:scope_in
test_files/merge.c:63:assign(int,cursorc,37)
test_files/merge.c:64:assign(int,cursorb,17)
test_files/merge.c:63:assign(int,cursorc,38)
test_files/merge.c:64:assign(int,cursorb,18)
test_files/merge.c:63:assign(int,cursorc,39)
test_files/merge.c:64:assign(int,cursorb,19)
test_files/merge.c:63:assign(int,cursorc,40)
test_files/merge.c:64:assign(int,cursorb,20)
test_files/merge.c:61:scope_out
test_files/merge.c:68:return(merge,void,ret,undef)
test_files/merge.c:22:call(printIntArray)
test_files/merge.c:22:decl(int*,a)
test_files/merge.c:22:assign(int*,a,0xbfe3cd00)
test_files/merge.c:22:decl(int,n)
test_files/merge.c:22:assign(int,n,40)
test_files/merge.c:26:decl(int,i)
test_files/merge.c:26:assign(int,i,40)
test_files/merge.c:28:scope_in
test_files/merge.c:28:assign(int,i,0)
test_files/merge.c:28:assign(int,i,1)
test_files/merge.c:28:assign(int,i,2)
test_files/merge.c:28:assign(int,i,3)
test_files/merge.c:28:assign(int,i,4)
test_files/merge.c:28:assign(int,i,5)
test_files/merge.c:28:assign(int,i,6)
test_files/merge.c:28:assign(int,i,7)
test_files/merge.c:28:assign(int,i,8)
test_files/merge.c:28:assign(int,i,9)
test_files/merge.c:28:assign(int,i,10)
test_files/merge.c:28:assign(int,i,11)
test_files/merge.c:28:assign(int,i,12)
test_files/merge.c:28:assign(int,i,13)
test_files/merge.c:28:assign(int,i,14)
test_files/merge.c:28:assign(int,i,15)
test_files/merge.c:28:assign(int,i,16)
test_files/merge.c:28:assign(int,i,17)
test_files/merge.c:28:assign(int,i,18)
test_files/merge.c:28:assign(int,i,19)
test_files/merge.c:28:assign(int,i,20)
test_files/merge.c:28:assign(int,i,21)
test_files/merge.c:28:assign(int,i,22)
test_files/merge.c:28:assign(int,i,23)
test_files/merge.c:28:assign(int,i,24)
test_files/merge.c:28:assign(int,i,25)
test_files/merge.c:28:assign(int,i,26)
test_files/merge.c:28:assign(int,i,27)
test_files/merge.c:28:assign(int,i,28)
test_files/merge.c:28:assign(int,i,29)
test_files/merge.c:28:assign(int,i,30)
test_files/merge.c:28:assign(int,i,31)
test_files/merge.c:28:assign(int,i,32)
test_files/merge.c:28:assign(int,i,33)
test_files/merge.c:28:assign(int,i,34)
test_files/merge.c:28:assign(int,i,35)
test_files/merge.c:28:assign(int,i,36)
test_files/merge.c:28:assign(int,i,37)
test_files/merge.c:28:assign(int,i,38)
test_files/merge.c:28:assign(int,i,39)
test_files/merge.c:28:assign(int,i,40)
test_files/merge.c:28:scope_out
test_files/merge.c:34:return(printIntArray,void,ret,undef)
test_files/merge.c:20:return(main,int,ret,undef)
